<?xml version="1.0" encoding="UTF-8"?>
<!-- Generated by org.testng.reporters.JUnitXMLReporter -->
<testsuite hostname="INL-73BYXC2" name="Default test" tests="1" failures="0" timestamp="19 Mar 2019 11:48:32 GMT" time="105.807" errors="0">
  <testcase name="@BeforeTest beforeTest" time="0.0" classname="example.NewTest">
    <failure type="org.openqa.selenium.WebDriverException" message="Failed to connect to binary FirefoxBinary(C:\Program Files\Mozilla Firefox\firefox.exe) on port 7055; process output follows: 
ous9017229067853425493webdriver-profile\\extensions\\fxdriver@googlecode.com&amp;quot;,&amp;quot;e&amp;quot;:false,&amp;quot;v&amp;quot;:&amp;quot;2.45.0&amp;quot;,&amp;quot;st&amp;quot;:1552996012711,&amp;quot;mt&amp;quot;:1552996011621}},&amp;quot;app-system-defaults&amp;quot;:{&amp;quot;e10srollout@mozilla.org&amp;quot;:{&amp;quot;d&amp;quot;:&amp;quot;C:\\Program Files\\Mozilla Firefox\\browser\\features\\e10srollout@mozilla.org.xpi&amp;quot;,&amp;quot;e&amp;quot;:true,&amp;quot;v&amp;quot;:&amp;quot;1.3&amp;quot;,&amp;quot;st&amp;quot;:1476903776000},&amp;quot;firefox@getpocket.com&amp;quot;:{&amp;quot;d&amp;quot;:&amp;quot;C:\\Program Files\\Mozilla Firefox\\browser\\features\\firefox@getpocket.com.xpi&amp;quot;,&amp;quot;e&amp;quot;:true,&amp;quot;v&amp;quot;:&amp;quot;1.0.4&amp;quot;,&amp;quot;st&amp;quot;:1476903776000},&amp;quot;webcompat@mozilla.org&amp;quot;:{&amp;quot;d&amp;quot;:&amp;quot;C:\\Program Files\\Mozilla Firefox\\browser\\features\\webcompat@mozilla.org.xpi&amp;quot;,&amp;quot;e&amp;quot;:true,&amp;quot;v&amp;quot;:&amp;quot;1.0&amp;quot;,&amp;quot;st&amp;quot;:1476903776000}},&amp;quot;app-global&amp;quot;:{&amp;quot;{972ce4c6-7e08-4474-a285-3208198ce6fd}&amp;quot;:{&amp;quot;d&amp;quot;:&amp;quot;C:\\Program Files\\Mozilla Firefox\\browser\\extensions\\{972ce4c6-7e08-4474-a285-3208198ce6fd}.xpi&amp;quot;,&amp;quot;e&amp;quot;:true,&amp;quot;v&amp;quot;:&amp;quot;49.0.2&amp;quot;,&amp;quot;st&amp;quot;:1476903776000}},&amp;quot;winreg-app-global&amp;quot;:{&amp;quot;{D19CA586-DD6C-4a0a-96F8-14644F340D60}&amp;quot;:{&amp;quot;d&amp;quot;:&amp;quot;C:\\Program Files\\Common Files\\McAfee\\SystemCore&amp;quot;,&amp;quot;e&amp;quot;:false,&amp;quot;v&amp;quot;:&amp;quot;15.4.0&amp;quot;,&amp;quot;st&amp;quot;:1552989588584,&amp;quot;mt&amp;quot;:1548842431104}}}
1552996048758	addons.xpi	DEBUG	No changes found
1552996048770	addons.xpi	DEBUG	Registering manifest for C:\Program Files\Mozilla Firefox\browser\features\e10srollout@mozilla.org.xpi
1552996048771	addons.xpi	DEBUG	Loading bootstrap scope from C:\Program Files\Mozilla Firefox\browser\features\e10srollout@mozilla.org.xpi
1552996048785	addons.xpi	DEBUG	Calling bootstrap method startup on e10srollout@mozilla.org version 1.3
1552996048786	addons.xpi	DEBUG	Registering manifest for C:\Program Files\Mozilla Firefox\browser\features\firefox@getpocket.com.xpi
1552996048787	addons.xpi	DEBUG	Loading bootstrap scope from C:\Program Files\Mozilla Firefox\browser\features\firefox@getpocket.com.xpi
1552996048792	addons.xpi	DEBUG	Calling bootstrap method startup on firefox@getpocket.com version 1.0.4
1552996048803	addons.xpi-utils	DEBUG	Starting async load of XPI database C:\Users\SARVES~1.JAI\AppData\Local\Temp\anonymous9017229067853425493webdriver-profile\extensions.json
1552996048804	addons.xpi	DEBUG	Registering manifest for C:\Program Files\Mozilla Firefox\browser\features\webcompat@mozilla.org.xpi
1552996048806	addons.xpi	DEBUG	Loading bootstrap scope from C:\Program Files\Mozilla Firefox\browser\features\webcompat@mozilla.org.xpi
1552996048808	addons.xpi	DEBUG	Calling bootstrap method startup on webcompat@mozilla.org version 1.0
1552996048810	addons.manager	DEBUG	Registering shutdown blocker for XPIProvider
1552996048810	addons.manager	DEBUG	Provider finished startup: XPIProvider
1552996048810	addons.manager	DEBUG	Starting provider: LightweightThemeManager
1552996048810	addons.manager	DEBUG	Registering shutdown blocker for LightweightThemeManager
1552996048810	addons.manager	DEBUG	Provider finished startup: LightweightThemeManager
1552996048811	addons.manager	DEBUG	Starting provider: GMPProvider
1552996048833	addons.manager	DEBUG	Registering shutdown blocker for GMPProvider
1552996048833	addons.manager	DEBUG	Provider finished startup: GMPProvider
1552996048834	addons.manager	DEBUG	Starting provider: PluginProvider
1552996048834	addons.manager	DEBUG	Registering shutdown blocker for PluginProvider
1552996048834	addons.manager	DEBUG	Provider finished startup: PluginProvider
1552996048835	addons.manager	DEBUG	Completed startup sequence
1552996049352	addons.xpi-utils	DEBUG	Async JSON file read took 0 MS
1552996049352	addons.xpi-utils	DEBUG	Finished async read of XPI database, parsing...
1552996049354	addons.xpi-utils	DEBUG	Successfully read XPI database
1552996049365	addons.manager	DEBUG	Starting provider: &amp;lt;unnamed-provider&amp;gt;
1552996049365	addons.manager	DEBUG	Registering shutdown blocker for &amp;lt;unnamed-provider&amp;gt;
1552996049366	addons.manager	DEBUG	Provider finished startup: &amp;lt;unnamed-provider&amp;gt;
*** Blocklist::_loadBlocklistFromFile: blocklist is disabled
1552996049505	addons.manager	DEBUG	Starting provider: PreviousExperimentProvider
1552996049505	addons.manager	DEBUG	Registering shutdown blocker for PreviousExperimentProvider
1552996049505	addons.manager	DEBUG	Provider finished startup: PreviousExperimentProvider

Build info: version: &amp;apos;2.45.0&amp;apos;, revision: &amp;apos;5017cb8e7ca8e37638dc3091b2440b90a1d8686f&amp;apos;, time: &amp;apos;2015-02-27 09:10:26&amp;apos;
System info: host: &amp;apos;INL-73BYXC2&amp;apos;, ip: &amp;apos;10.154.187.44&amp;apos;, os.name: &amp;apos;Windows 7&amp;apos;, os.arch: &amp;apos;x86&amp;apos;, os.version: &amp;apos;6.1&amp;apos;, java.version: &amp;apos;1.8.0_201&amp;apos;
Driver info: driver.version: FirefoxDriver">
      <![CDATA[org.openqa.selenium.WebDriverException: Failed to connect to binary FirefoxBinary(C:\Program Files\Mozilla Firefox\firefox.exe) on port 7055; process output follows: 
ous9017229067853425493webdriver-profile\\extensions\\fxdriver@googlecode.com","e":false,"v":"2.45.0","st":1552996012711,"mt":1552996011621}},"app-system-defaults":{"e10srollout@mozilla.org":{"d":"C:\\Program Files\\Mozilla Firefox\\browser\\features\\e10srollout@mozilla.org.xpi","e":true,"v":"1.3","st":1476903776000},"firefox@getpocket.com":{"d":"C:\\Program Files\\Mozilla Firefox\\browser\\features\\firefox@getpocket.com.xpi","e":true,"v":"1.0.4","st":1476903776000},"webcompat@mozilla.org":{"d":"C:\\Program Files\\Mozilla Firefox\\browser\\features\\webcompat@mozilla.org.xpi","e":true,"v":"1.0","st":1476903776000}},"app-global":{"{972ce4c6-7e08-4474-a285-3208198ce6fd}":{"d":"C:\\Program Files\\Mozilla Firefox\\browser\\extensions\\{972ce4c6-7e08-4474-a285-3208198ce6fd}.xpi","e":true,"v":"49.0.2","st":1476903776000}},"winreg-app-global":{"{D19CA586-DD6C-4a0a-96F8-14644F340D60}":{"d":"C:\\Program Files\\Common Files\\McAfee\\SystemCore","e":false,"v":"15.4.0","st":1552989588584,"mt":1548842431104}}}
1552996048758	addons.xpi	DEBUG	No changes found
1552996048770	addons.xpi	DEBUG	Registering manifest for C:\Program Files\Mozilla Firefox\browser\features\e10srollout@mozilla.org.xpi
1552996048771	addons.xpi	DEBUG	Loading bootstrap scope from C:\Program Files\Mozilla Firefox\browser\features\e10srollout@mozilla.org.xpi
1552996048785	addons.xpi	DEBUG	Calling bootstrap method startup on e10srollout@mozilla.org version 1.3
1552996048786	addons.xpi	DEBUG	Registering manifest for C:\Program Files\Mozilla Firefox\browser\features\firefox@getpocket.com.xpi
1552996048787	addons.xpi	DEBUG	Loading bootstrap scope from C:\Program Files\Mozilla Firefox\browser\features\firefox@getpocket.com.xpi
1552996048792	addons.xpi	DEBUG	Calling bootstrap method startup on firefox@getpocket.com version 1.0.4
1552996048803	addons.xpi-utils	DEBUG	Starting async load of XPI database C:\Users\SARVES~1.JAI\AppData\Local\Temp\anonymous9017229067853425493webdriver-profile\extensions.json
1552996048804	addons.xpi	DEBUG	Registering manifest for C:\Program Files\Mozilla Firefox\browser\features\webcompat@mozilla.org.xpi
1552996048806	addons.xpi	DEBUG	Loading bootstrap scope from C:\Program Files\Mozilla Firefox\browser\features\webcompat@mozilla.org.xpi
1552996048808	addons.xpi	DEBUG	Calling bootstrap method startup on webcompat@mozilla.org version 1.0
1552996048810	addons.manager	DEBUG	Registering shutdown blocker for XPIProvider
1552996048810	addons.manager	DEBUG	Provider finished startup: XPIProvider
1552996048810	addons.manager	DEBUG	Starting provider: LightweightThemeManager
1552996048810	addons.manager	DEBUG	Registering shutdown blocker for LightweightThemeManager
1552996048810	addons.manager	DEBUG	Provider finished startup: LightweightThemeManager
1552996048811	addons.manager	DEBUG	Starting provider: GMPProvider
1552996048833	addons.manager	DEBUG	Registering shutdown blocker for GMPProvider
1552996048833	addons.manager	DEBUG	Provider finished startup: GMPProvider
1552996048834	addons.manager	DEBUG	Starting provider: PluginProvider
1552996048834	addons.manager	DEBUG	Registering shutdown blocker for PluginProvider
1552996048834	addons.manager	DEBUG	Provider finished startup: PluginProvider
1552996048835	addons.manager	DEBUG	Completed startup sequence
1552996049352	addons.xpi-utils	DEBUG	Async JSON file read took 0 MS
1552996049352	addons.xpi-utils	DEBUG	Finished async read of XPI database, parsing...
1552996049354	addons.xpi-utils	DEBUG	Successfully read XPI database
1552996049365	addons.manager	DEBUG	Starting provider: <unnamed-provider>
1552996049365	addons.manager	DEBUG	Registering shutdown blocker for <unnamed-provider>
1552996049366	addons.manager	DEBUG	Provider finished startup: <unnamed-provider>
*** Blocklist::_loadBlocklistFromFile: blocklist is disabled
1552996049505	addons.manager	DEBUG	Starting provider: PreviousExperimentProvider
1552996049505	addons.manager	DEBUG	Registering shutdown blocker for PreviousExperimentProvider
1552996049505	addons.manager	DEBUG	Provider finished startup: PreviousExperimentProvider

Build info: version: '2.45.0', revision: '5017cb8e7ca8e37638dc3091b2440b90a1d8686f', time: '2015-02-27 09:10:26'
System info: host: 'INL-73BYXC2', ip: '10.154.187.44', os.name: 'Windows 7', os.arch: 'x86', os.version: '6.1', java.version: '1.8.0_201'
Driver info: driver.version: FirefoxDriver
	at org.openqa.selenium.firefox.internal.NewProfileExtensionConnection.start(NewProfileExtensionConnection.java:130)
	at org.openqa.selenium.firefox.FirefoxDriver.startClient(FirefoxDriver.java:246)
	at org.openqa.selenium.remote.RemoteWebDriver.<init>(RemoteWebDriver.java:114)
	at org.openqa.selenium.firefox.FirefoxDriver.<init>(FirefoxDriver.java:191)
	at org.openqa.selenium.firefox.FirefoxDriver.<init>(FirefoxDriver.java:186)
	at org.openqa.selenium.firefox.FirefoxDriver.<init>(FirefoxDriver.java:182)
	at org.openqa.selenium.firefox.FirefoxDriver.<init>(FirefoxDriver.java:95)
	at example.NewTest.beforeTest(NewTest.java:22)
	at sun.reflect.NativeMethodAccessorImpl.invoke0(Native Method)
	at sun.reflect.NativeMethodAccessorImpl.invoke(Unknown Source)
	at sun.reflect.DelegatingMethodAccessorImpl.invoke(Unknown Source)
	at java.lang.reflect.Method.invoke(Unknown Source)
	at org.testng.internal.MethodInvocationHelper.invokeMethod(MethodInvocationHelper.java:80)
	at org.testng.internal.Invoker.invokeConfigurationMethod(Invoker.java:564)
	at org.testng.internal.Invoker.invokeConfigurations(Invoker.java:213)
	at org.testng.internal.Invoker.invokeConfigurations(Invoker.java:138)
	at org.testng.TestRunner.beforeRun(TestRunner.java:641)
	at org.testng.TestRunner.run(TestRunner.java:609)
	at org.testng.SuiteRunner.runTest(SuiteRunner.java:334)
	at org.testng.SuiteRunner.runSequentially(SuiteRunner.java:329)
	at org.testng.SuiteRunner.privateRun(SuiteRunner.java:291)
	at org.testng.SuiteRunner.run(SuiteRunner.java:240)
	at org.testng.SuiteRunnerWorker.runSuite(SuiteRunnerWorker.java:52)
	at org.testng.SuiteRunnerWorker.run(SuiteRunnerWorker.java:86)
	at org.testng.TestNG.runSuitesSequentially(TestNG.java:1198)
	at org.testng.TestNG.runSuitesLocally(TestNG.java:1123)
	at org.testng.TestNG.run(TestNG.java:1031)
	at org.testng.remote.AbstractRemoteTestNG.run(AbstractRemoteTestNG.java:114)
	at org.testng.remote.RemoteTestNG.initAndRun(RemoteTestNG.java:251)
	at org.testng.remote.RemoteTestNG.main(RemoteTestNG.java:77)
Caused by: org.openqa.selenium.firefox.NotConnectedException: Unable to connect to host 127.0.0.1 on port 7055 after 45000 ms. Firefox console output:
ous9017229067853425493webdriver-profile\\extensions\\fxdriver@googlecode.com","e":false,"v":"2.45.0","st":1552996012711,"mt":1552996011621}},"app-system-defaults":{"e10srollout@mozilla.org":{"d":"C:\\Program Files\\Mozilla Firefox\\browser\\features\\e10srollout@mozilla.org.xpi","e":true,"v":"1.3","st":1476903776000},"firefox@getpocket.com":{"d":"C:\\Program Files\\Mozilla Firefox\\browser\\features\\firefox@getpocket.com.xpi","e":true,"v":"1.0.4","st":1476903776000},"webcompat@mozilla.org":{"d":"C:\\Program Files\\Mozilla Firefox\\browser\\features\\webcompat@mozilla.org.xpi","e":true,"v":"1.0","st":1476903776000}},"app-global":{"{972ce4c6-7e08-4474-a285-3208198ce6fd}":{"d":"C:\\Program Files\\Mozilla Firefox\\browser\\extensions\\{972ce4c6-7e08-4474-a285-3208198ce6fd}.xpi","e":true,"v":"49.0.2","st":1476903776000}},"winreg-app-global":{"{D19CA586-DD6C-4a0a-96F8-14644F340D60}":{"d":"C:\\Program Files\\Common Files\\McAfee\\SystemCore","e":false,"v":"15.4.0","st":1552989588584,"mt":1548842431104}}}
1552996048758	addons.xpi	DEBUG	No changes found
1552996048770	addons.xpi	DEBUG	Registering manifest for C:\Program Files\Mozilla Firefox\browser\features\e10srollout@mozilla.org.xpi
1552996048771	addons.xpi	DEBUG	Loading bootstrap scope from C:\Program Files\Mozilla Firefox\browser\features\e10srollout@mozilla.org.xpi
1552996048785	addons.xpi	DEBUG	Calling bootstrap method startup on e10srollout@mozilla.org version 1.3
1552996048786	addons.xpi	DEBUG	Registering manifest for C:\Program Files\Mozilla Firefox\browser\features\firefox@getpocket.com.xpi
1552996048787	addons.xpi	DEBUG	Loading bootstrap scope from C:\Program Files\Mozilla Firefox\browser\features\firefox@getpocket.com.xpi
1552996048792	addons.xpi	DEBUG	Calling bootstrap method startup on firefox@getpocket.com version 1.0.4
1552996048803	addons.xpi-utils	DEBUG	Starting async load of XPI database C:\Users\SARVES~1.JAI\AppData\Local\Temp\anonymous9017229067853425493webdriver-profile\extensions.json
1552996048804	addons.xpi	DEBUG	Registering manifest for C:\Program Files\Mozilla Firefox\browser\features\webcompat@mozilla.org.xpi
1552996048806	addons.xpi	DEBUG	Loading bootstrap scope from C:\Program Files\Mozilla Firefox\browser\features\webcompat@mozilla.org.xpi
1552996048808	addons.xpi	DEBUG	Calling bootstrap method startup on webcompat@mozilla.org version 1.0
1552996048810	addons.manager	DEBUG	Registering shutdown blocker for XPIProvider
1552996048810	addons.manager	DEBUG	Provider finished startup: XPIProvider
1552996048810	addons.manager	DEBUG	Starting provider: LightweightThemeManager
1552996048810	addons.manager	DEBUG	Registering shutdown blocker for LightweightThemeManager
1552996048810	addons.manager	DEBUG	Provider finished startup: LightweightThemeManager
1552996048811	addons.manager	DEBUG	Starting provider: GMPProvider
1552996048833	addons.manager	DEBUG	Registering shutdown blocker for GMPProvider
1552996048833	addons.manager	DEBUG	Provider finished startup: GMPProvider
1552996048834	addons.manager	DEBUG	Starting provider: PluginProvider
1552996048834	addons.manager	DEBUG	Registering shutdown blocker for PluginProvider
1552996048834	addons.manager	DEBUG	Provider finished startup: PluginProvider
1552996048835	addons.manager	DEBUG	Completed startup sequence
1552996049352	addons.xpi-utils	DEBUG	Async JSON file read took 0 MS
1552996049352	addons.xpi-utils	DEBUG	Finished async read of XPI database, parsing...
1552996049354	addons.xpi-utils	DEBUG	Successfully read XPI database
1552996049365	addons.manager	DEBUG	Starting provider: <unnamed-provider>
1552996049365	addons.manager	DEBUG	Registering shutdown blocker for <unnamed-provider>
1552996049366	addons.manager	DEBUG	Provider finished startup: <unnamed-provider>
*** Blocklist::_loadBlocklistFromFile: blocklist is disabled
1552996049505	addons.manager	DEBUG	Starting provider: PreviousExperimentProvider
1552996049505	addons.manager	DEBUG	Registering shutdown blocker for PreviousExperimentProvider
1552996049505	addons.manager	DEBUG	Provider finished startup: PreviousExperimentProvider

	at org.openqa.selenium.firefox.internal.NewProfileExtensionConnection.start(NewProfileExtensionConnection.java:118)
	... 29 more
]]>
    </failure>
  </testcase> <!-- @BeforeTest beforeTest -->
  <testcase name="@AfterTest afterTest" time="0.0" classname="example.NewTest">
    <skipped/>
  </testcase> <!-- @AfterTest afterTest -->
  <testcase name="testEasy" time="0.01" classname="example.NewTest">
    <skipped/>
  </testcase> <!-- testEasy -->
</testsuite> <!-- Default test -->
