<?xml version="1.0" encoding="UTF-8"?>
<testsuite xmlns:xsi="http://www.w3.org/2001/XMLSchema-instance" xsi:noNamespaceSchemaLocation="https://maven.apache.org/surefire/maven-surefire-plugin/xsd/surefire-test-report.xsd" name="TestSuite" time="86.498" tests="3" errors="0" skipped="2" failures="1">
  <properties>
[...]
</properties>
  <testcase name="beforeTest" classname="example.NewTest" time="84.228">
    <failure message="Failed to connect to binary FirefoxBinary(C:\Program Files\Mozilla Firefox\firefox.exe) on port 7055; process output follows: &#10;ous5092838128205688924webdriver-profile\\extensions\\fxdriver@googlecode.com&quot;,&quot;e&quot;:false,&quot;v&quot;:&quot;2.45.0&quot;,&quot;st&quot;:1552996220941,&quot;mt&quot;:1552996220391}},&quot;app-system-defaults&quot;:{&quot;e10srollout@mozilla.org&quot;:{&quot;d&quot;:&quot;C:\\Program Files\\Mozilla Firefox\\browser\\features\\e10srollout@mozilla.org.xpi&quot;,&quot;e&quot;:true,&quot;v&quot;:&quot;1.3&quot;,&quot;st&quot;:1476903776000},&quot;firefox@getpocket.com&quot;:{&quot;d&quot;:&quot;C:\\Program Files\\Mozilla Firefox\\browser\\features\\firefox@getpocket.com.xpi&quot;,&quot;e&quot;:true,&quot;v&quot;:&quot;1.0.4&quot;,&quot;st&quot;:1476903776000},&quot;webcompat@mozilla.org&quot;:{&quot;d&quot;:&quot;C:\\Program Files\\Mozilla Firefox\\browser\\features\\webcompat@mozilla.org.xpi&quot;,&quot;e&quot;:true,&quot;v&quot;:&quot;1.0&quot;,&quot;st&quot;:1476903776000}},&quot;app-global&quot;:{&quot;{972ce4c6-7e08-4474-a285-3208198ce6fd}&quot;:{&quot;d&quot;:&quot;C:\\Program Files\\Mozilla Firefox\\browser\\extensions\\{972ce4c6-7e08-4474-a285-3208198ce6fd}.xpi&quot;,&quot;e&quot;:true,&quot;v&quot;:&quot;49.0.2&quot;,&quot;st&quot;:1476903776000}},&quot;winreg-app-global&quot;:{&quot;{D19CA586-DD6C-4a0a-96F8-14644F340D60}&quot;:{&quot;d&quot;:&quot;C:\\Program Files\\Common Files\\McAfee\\SystemCore&quot;,&quot;e&quot;:false,&quot;v&quot;:&quot;15.4.0&quot;,&quot;st&quot;:1552989588584,&quot;mt&quot;:1548842431104}}}&#10;1552996239636	addons.xpi	DEBUG	No changes found&#10;1552996239651	addons.xpi	DEBUG	Registering manifest for C:\Program Files\Mozilla Firefox\browser\features\e10srollout@mozilla.org.xpi&#10;1552996239652	addons.xpi	DEBUG	Loading bootstrap scope from C:\Program Files\Mozilla Firefox\browser\features\e10srollout@mozilla.org.xpi&#10;1552996239671	addons.xpi	DEBUG	Calling bootstrap method startup on e10srollout@mozilla.org version 1.3&#10;1552996239672	addons.xpi	DEBUG	Registering manifest for C:\Program Files\Mozilla Firefox\browser\features\firefox@getpocket.com.xpi&#10;1552996239674	addons.xpi	DEBUG	Loading bootstrap scope from C:\Program Files\Mozilla Firefox\browser\features\firefox@getpocket.com.xpi&#10;1552996239681	addons.xpi	DEBUG	Calling bootstrap method startup on firefox@getpocket.com version 1.0.4&#10;1552996239700	addons.xpi-utils	DEBUG	Starting async load of XPI database C:\Users\SARVES~1.JAI\AppData\Local\Temp\anonymous5092838128205688924webdriver-profile\extensions.json&#10;1552996239702	addons.xpi	DEBUG	Registering manifest for C:\Program Files\Mozilla Firefox\browser\features\webcompat@mozilla.org.xpi&#10;1552996239703	addons.xpi	DEBUG	Loading bootstrap scope from C:\Program Files\Mozilla Firefox\browser\features\webcompat@mozilla.org.xpi&#10;1552996239706	addons.xpi	DEBUG	Calling bootstrap method startup on webcompat@mozilla.org version 1.0&#10;1552996239709	addons.manager	DEBUG	Registering shutdown blocker for XPIProvider&#10;1552996239710	addons.manager	DEBUG	Provider finished startup: XPIProvider&#10;1552996239710	addons.manager	DEBUG	Starting provider: LightweightThemeManager&#10;1552996239710	addons.manager	DEBUG	Registering shutdown blocker for LightweightThemeManager&#10;1552996239710	addons.manager	DEBUG	Provider finished startup: LightweightThemeManager&#10;1552996239711	addons.manager	DEBUG	Starting provider: GMPProvider&#10;1552996239737	addons.manager	DEBUG	Registering shutdown blocker for GMPProvider&#10;1552996239737	addons.manager	DEBUG	Provider finished startup: GMPProvider&#10;1552996239738	addons.manager	DEBUG	Starting provider: PluginProvider&#10;1552996239738	addons.manager	DEBUG	Registering shutdown blocker for PluginProvider&#10;1552996239739	addons.manager	DEBUG	Provider finished startup: PluginProvider&#10;1552996239739	addons.manager	DEBUG	Completed startup sequence&#10;1552996240271	addons.xpi-utils	DEBUG	Async JSON file read took 0 MS&#10;1552996240272	addons.xpi-utils	DEBUG	Finished async read of XPI database, parsing...&#10;1552996240274	addons.xpi-utils	DEBUG	Successfully read XPI database&#10;1552996240285	addons.manager	DEBUG	Starting provider: &lt;unnamed-provider&gt;&#10;1552996240285	addons.manager	DEBUG	Registering shutdown blocker for &lt;unnamed-provider&gt;&#10;1552996240285	addons.manager	DEBUG	Provider finished startup: &lt;unnamed-provider&gt;&#10;*** Blocklist::_loadBlocklistFromFile: blocklist is disabled&#10;1552996240434	addons.manager	DEBUG	Starting provider: PreviousExperimentProvider&#10;1552996240435	addons.manager	DEBUG	Registering shutdown blocker for PreviousExperimentProvider&#10;1552996240435	addons.manager	DEBUG	Provider finished startup: PreviousExperimentProvider&#10;&#10;Build info: version: &apos;2.45.0&apos;, revision: &apos;5017cb8e7ca8e37638dc3091b2440b90a1d8686f&apos;, time: &apos;2015-02-27 09:10:26&apos;&#10;System info: host: &apos;INL-73BYXC2&apos;, ip: &apos;10.154.187.44&apos;, os.name: &apos;Windows 7&apos;, os.arch: &apos;x86&apos;, os.version: &apos;6.1&apos;, java.version: &apos;1.8.0_201&apos;&#10;Driver info: driver.version: FirefoxDriver" type="org.openqa.selenium.WebDriverException"><![CDATA[org.openqa.selenium.WebDriverException: 
Failed to connect to binary FirefoxBinary(C:\Program Files\Mozilla Firefox\firefox.exe) on port 7055; process output follows: 
ous5092838128205688924webdriver-profile\\extensions\\fxdriver@googlecode.com","e":false,"v":"2.45.0","st":1552996220941,"mt":1552996220391}},"app-system-defaults":{"e10srollout@mozilla.org":{"d":"C:\\Program Files\\Mozilla Firefox\\browser\\features\\e10srollout@mozilla.org.xpi","e":true,"v":"1.3","st":1476903776000},"firefox@getpocket.com":{"d":"C:\\Program Files\\Mozilla Firefox\\browser\\features\\firefox@getpocket.com.xpi","e":true,"v":"1.0.4","st":1476903776000},"webcompat@mozilla.org":{"d":"C:\\Program Files\\Mozilla Firefox\\browser\\features\\webcompat@mozilla.org.xpi","e":true,"v":"1.0","st":1476903776000}},"app-global":{"{972ce4c6-7e08-4474-a285-3208198ce6fd}":{"d":"C:\\Program Files\\Mozilla Firefox\\browser\\extensions\\{972ce4c6-7e08-4474-a285-3208198ce6fd}.xpi","e":true,"v":"49.0.2","st":1476903776000}},"winreg-app-global":{"{D19CA586-DD6C-4a0a-96F8-14644F340D60}":{"d":"C:\\Program Files\\Common Files\\McAfee\\SystemCore","e":false,"v":"15.4.0","st":1552989588584,"mt":1548842431104}}}
1552996239636	addons.xpi	DEBUG	No changes found
1552996239651	addons.xpi	DEBUG	Registering manifest for C:\Program Files\Mozilla Firefox\browser\features\e10srollout@mozilla.org.xpi
1552996239652	addons.xpi	DEBUG	Loading bootstrap scope from C:\Program Files\Mozilla Firefox\browser\features\e10srollout@mozilla.org.xpi
1552996239671	addons.xpi	DEBUG	Calling bootstrap method startup on e10srollout@mozilla.org version 1.3
1552996239672	addons.xpi	DEBUG	Registering manifest for C:\Program Files\Mozilla Firefox\browser\features\firefox@getpocket.com.xpi
1552996239674	addons.xpi	DEBUG	Loading bootstrap scope from C:\Program Files\Mozilla Firefox\browser\features\firefox@getpocket.com.xpi
1552996239681	addons.xpi	DEBUG	Calling bootstrap method startup on firefox@getpocket.com version 1.0.4
1552996239700	addons.xpi-utils	DEBUG	Starting async load of XPI database C:\Users\SARVES~1.JAI\AppData\Local\Temp\anonymous5092838128205688924webdriver-profile\extensions.json
1552996239702	addons.xpi	DEBUG	Registering manifest for C:\Program Files\Mozilla Firefox\browser\features\webcompat@mozilla.org.xpi
1552996239703	addons.xpi	DEBUG	Loading bootstrap scope from C:\Program Files\Mozilla Firefox\browser\features\webcompat@mozilla.org.xpi
1552996239706	addons.xpi	DEBUG	Calling bootstrap method startup on webcompat@mozilla.org version 1.0
1552996239709	addons.manager	DEBUG	Registering shutdown blocker for XPIProvider
1552996239710	addons.manager	DEBUG	Provider finished startup: XPIProvider
1552996239710	addons.manager	DEBUG	Starting provider: LightweightThemeManager
1552996239710	addons.manager	DEBUG	Registering shutdown blocker for LightweightThemeManager
1552996239710	addons.manager	DEBUG	Provider finished startup: LightweightThemeManager
1552996239711	addons.manager	DEBUG	Starting provider: GMPProvider
1552996239737	addons.manager	DEBUG	Registering shutdown blocker for GMPProvider
1552996239737	addons.manager	DEBUG	Provider finished startup: GMPProvider
1552996239738	addons.manager	DEBUG	Starting provider: PluginProvider
1552996239738	addons.manager	DEBUG	Registering shutdown blocker for PluginProvider
1552996239739	addons.manager	DEBUG	Provider finished startup: PluginProvider
1552996239739	addons.manager	DEBUG	Completed startup sequence
1552996240271	addons.xpi-utils	DEBUG	Async JSON file read took 0 MS
1552996240272	addons.xpi-utils	DEBUG	Finished async read of XPI database, parsing...
1552996240274	addons.xpi-utils	DEBUG	Successfully read XPI database
1552996240285	addons.manager	DEBUG	Starting provider: <unnamed-provider>
1552996240285	addons.manager	DEBUG	Registering shutdown blocker for <unnamed-provider>
1552996240285	addons.manager	DEBUG	Provider finished startup: <unnamed-provider>
*** Blocklist::_loadBlocklistFromFile: blocklist is disabled
1552996240434	addons.manager	DEBUG	Starting provider: PreviousExperimentProvider
1552996240435	addons.manager	DEBUG	Registering shutdown blocker for PreviousExperimentProvider
1552996240435	addons.manager	DEBUG	Provider finished startup: PreviousExperimentProvider

Build info: version: '2.45.0', revision: '5017cb8e7ca8e37638dc3091b2440b90a1d8686f', time: '2015-02-27 09:10:26'
System info: host: 'INL-73BYXC2', ip: '10.154.187.44', os.name: 'Windows 7', os.arch: 'x86', os.version: '6.1', java.version: '1.8.0_201'
Driver info: driver.version: FirefoxDriver
	at example.NewTest.beforeTest(NewTest.java:22)
Caused by: org.openqa.selenium.firefox.NotConnectedException: 
Unable to connect to host 127.0.0.1 on port 7055 after 45000 ms. Firefox console output:
ous5092838128205688924webdriver-profile\\extensions\\fxdriver@googlecode.com","e":false,"v":"2.45.0","st":1552996220941,"mt":1552996220391}},"app-system-defaults":{"e10srollout@mozilla.org":{"d":"C:\\Program Files\\Mozilla Firefox\\browser\\features\\e10srollout@mozilla.org.xpi","e":true,"v":"1.3","st":1476903776000},"firefox@getpocket.com":{"d":"C:\\Program Files\\Mozilla Firefox\\browser\\features\\firefox@getpocket.com.xpi","e":true,"v":"1.0.4","st":1476903776000},"webcompat@mozilla.org":{"d":"C:\\Program Files\\Mozilla Firefox\\browser\\features\\webcompat@mozilla.org.xpi","e":true,"v":"1.0","st":1476903776000}},"app-global":{"{972ce4c6-7e08-4474-a285-3208198ce6fd}":{"d":"C:\\Program Files\\Mozilla Firefox\\browser\\extensions\\{972ce4c6-7e08-4474-a285-3208198ce6fd}.xpi","e":true,"v":"49.0.2","st":1476903776000}},"winreg-app-global":{"{D19CA586-DD6C-4a0a-96F8-14644F340D60}":{"d":"C:\\Program Files\\Common Files\\McAfee\\SystemCore","e":false,"v":"15.4.0","st":1552989588584,"mt":1548842431104}}}
1552996239636	addons.xpi	DEBUG	No changes found
1552996239651	addons.xpi	DEBUG	Registering manifest for C:\Program Files\Mozilla Firefox\browser\features\e10srollout@mozilla.org.xpi
1552996239652	addons.xpi	DEBUG	Loading bootstrap scope from C:\Program Files\Mozilla Firefox\browser\features\e10srollout@mozilla.org.xpi
1552996239671	addons.xpi	DEBUG	Calling bootstrap method startup on e10srollout@mozilla.org version 1.3
1552996239672	addons.xpi	DEBUG	Registering manifest for C:\Program Files\Mozilla Firefox\browser\features\firefox@getpocket.com.xpi
1552996239674	addons.xpi	DEBUG	Loading bootstrap scope from C:\Program Files\Mozilla Firefox\browser\features\firefox@getpocket.com.xpi
1552996239681	addons.xpi	DEBUG	Calling bootstrap method startup on firefox@getpocket.com version 1.0.4
1552996239700	addons.xpi-utils	DEBUG	Starting async load of XPI database C:\Users\SARVES~1.JAI\AppData\Local\Temp\anonymous5092838128205688924webdriver-profile\extensions.json
1552996239702	addons.xpi	DEBUG	Registering manifest for C:\Program Files\Mozilla Firefox\browser\features\webcompat@mozilla.org.xpi
1552996239703	addons.xpi	DEBUG	Loading bootstrap scope from C:\Program Files\Mozilla Firefox\browser\features\webcompat@mozilla.org.xpi
1552996239706	addons.xpi	DEBUG	Calling bootstrap method startup on webcompat@mozilla.org version 1.0
1552996239709	addons.manager	DEBUG	Registering shutdown blocker for XPIProvider
1552996239710	addons.manager	DEBUG	Provider finished startup: XPIProvider
1552996239710	addons.manager	DEBUG	Starting provider: LightweightThemeManager
1552996239710	addons.manager	DEBUG	Registering shutdown blocker for LightweightThemeManager
1552996239710	addons.manager	DEBUG	Provider finished startup: LightweightThemeManager
1552996239711	addons.manager	DEBUG	Starting provider: GMPProvider
1552996239737	addons.manager	DEBUG	Registering shutdown blocker for GMPProvider
1552996239737	addons.manager	DEBUG	Provider finished startup: GMPProvider
1552996239738	addons.manager	DEBUG	Starting provider: PluginProvider
1552996239738	addons.manager	DEBUG	Registering shutdown blocker for PluginProvider
1552996239739	addons.manager	DEBUG	Provider finished startup: PluginProvider
1552996239739	addons.manager	DEBUG	Completed startup sequence
1552996240271	addons.xpi-utils	DEBUG	Async JSON file read took 0 MS
1552996240272	addons.xpi-utils	DEBUG	Finished async read of XPI database, parsing...
1552996240274	addons.xpi-utils	DEBUG	Successfully read XPI database
1552996240285	addons.manager	DEBUG	Starting provider: <unnamed-provider>
1552996240285	addons.manager	DEBUG	Registering shutdown blocker for <unnamed-provider>
1552996240285	addons.manager	DEBUG	Provider finished startup: <unnamed-provider>
*** Blocklist::_loadBlocklistFromFile: blocklist is disabled
1552996240434	addons.manager	DEBUG	Starting provider: PreviousExperimentProvider
1552996240435	addons.manager	DEBUG	Registering shutdown blocker for PreviousExperimentProvider
1552996240435	addons.manager	DEBUG	Provider finished startup: PreviousExperimentProvider

	at example.NewTest.beforeTest(NewTest.java:22)
]]></failure>
    <system-err><![CDATA[org.openqa.selenium.firefox.NotConnectedException: Unable to connect to host 127.0.0.1 on port 7055 after 45000 ms. Firefox console output:
ous5092838128205688924webdriver-profile\\extensions\\fxdriver@googlecode.com","e":false,"v":"2.45.0","st":1552996220941,"mt":1552996220391}},"app-system-defaults":{"e10srollout@mozilla.org":{"d":"C:\\Program Files\\Mozilla Firefox\\browser\\features\\e10srollout@mozilla.org.xpi","e":true,"v":"1.3","st":1476903776000},"firefox@getpocket.com":{"d":"C:\\Program Files\\Mozilla Firefox\\browser\\features\\firefox@getpocket.com.xpi","e":true,"v":"1.0.4","st":1476903776000},"webcompat@mozilla.org":{"d":"C:\\Program Files\\Mozilla Firefox\\browser\\features\\webcompat@mozilla.org.xpi","e":true,"v":"1.0","st":1476903776000}},"app-global":{"{972ce4c6-7e08-4474-a285-3208198ce6fd}":{"d":"C:\\Program Files\\Mozilla Firefox\\browser\\extensions\\{972ce4c6-7e08-4474-a285-3208198ce6fd}.xpi","e":true,"v":"49.0.2","st":1476903776000}},"winreg-app-global":{"{D19CA586-DD6C-4a0a-96F8-14644F340D60}":{"d":"C:\\Program Files\\Common Files\\McAfee\\SystemCore","e":false,"v":"15.4.0","st":1552989588584,"mt":1548842431104}}}
1552996239636	addons.xpi	DEBUG	No changes found
1552996239651	addons.xpi	DEBUG	Registering manifest for C:\Program Files\Mozilla Firefox\browser\features\e10srollout@mozilla.org.xpi
1552996239652	addons.xpi	DEBUG	Loading bootstrap scope from C:\Program Files\Mozilla Firefox\browser\features\e10srollout@mozilla.org.xpi
1552996239671	addons.xpi	DEBUG	Calling bootstrap method startup on e10srollout@mozilla.org version 1.3
1552996239672	addons.xpi	DEBUG	Registering manifest for C:\Program Files\Mozilla Firefox\browser\features\firefox@getpocket.com.xpi
1552996239674	addons.xpi	DEBUG	Loading bootstrap scope from C:\Program Files\Mozilla Firefox\browser\features\firefox@getpocket.com.xpi
1552996239681	addons.xpi	DEBUG	Calling bootstrap method startup on firefox@getpocket.com version 1.0.4
1552996239700	addons.xpi-utils	DEBUG	Starting async load of XPI database C:\Users\SARVES~1.JAI\AppData\Local\Temp\anonymous5092838128205688924webdriver-profile\extensions.json
1552996239702	addons.xpi	DEBUG	Registering manifest for C:\Program Files\Mozilla Firefox\browser\features\webcompat@mozilla.org.xpi
1552996239703	addons.xpi	DEBUG	Loading bootstrap scope from C:\Program Files\Mozilla Firefox\browser\features\webcompat@mozilla.org.xpi
1552996239706	addons.xpi	DEBUG	Calling bootstrap method startup on webcompat@mozilla.org version 1.0
1552996239709	addons.manager	DEBUG	Registering shutdown blocker for XPIProvider
1552996239710	addons.manager	DEBUG	Provider finished startup: XPIProvider
1552996239710	addons.manager	DEBUG	Starting provider: LightweightThemeManager
1552996239710	addons.manager	DEBUG	Registering shutdown blocker for LightweightThemeManager
1552996239710	addons.manager	DEBUG	Provider finished startup: LightweightThemeManager
1552996239711	addons.manager	DEBUG	Starting provider: GMPProvider
1552996239737	addons.manager	DEBUG	Registering shutdown blocker for GMPProvider
1552996239737	addons.manager	DEBUG	Provider finished startup: GMPProvider
1552996239738	addons.manager	DEBUG	Starting provider: PluginProvider
1552996239738	addons.manager	DEBUG	Registering shutdown blocker for PluginProvider
1552996239739	addons.manager	DEBUG	Provider finished startup: PluginProvider
1552996239739	addons.manager	DEBUG	Completed startup sequence
1552996240271	addons.xpi-utils	DEBUG	Async JSON file read took 0 MS
1552996240272	addons.xpi-utils	DEBUG	Finished async read of XPI database, parsing...
1552996240274	addons.xpi-utils	DEBUG	Successfully read XPI database
1552996240285	addons.manager	DEBUG	Starting provider: <unnamed-provider>
1552996240285	addons.manager	DEBUG	Registering shutdown blocker for <unnamed-provider>
1552996240285	addons.manager	DEBUG	Provider finished startup: <unnamed-provider>
*** Blocklist::_loadBlocklistFromFile: blocklist is disabled
1552996240434	addons.manager	DEBUG	Starting provider: PreviousExperimentProvider
1552996240435	addons.manager	DEBUG	Registering shutdown blocker for PreviousExperimentProvider
1552996240435	addons.manager	DEBUG	Provider finished startup: PreviousExperimentProvider

	at org.openqa.selenium.firefox.internal.NewProfileExtensionConnection.start(NewProfileExtensionConnection.java:118)
	at org.openqa.selenium.firefox.FirefoxDriver.startClient(FirefoxDriver.java:246)
	at org.openqa.selenium.remote.RemoteWebDriver.<init>(RemoteWebDriver.java:114)
	at org.openqa.selenium.firefox.FirefoxDriver.<init>(FirefoxDriver.java:191)
	at org.openqa.selenium.firefox.FirefoxDriver.<init>(FirefoxDriver.java:186)
	at org.openqa.selenium.firefox.FirefoxDriver.<init>(FirefoxDriver.java:182)
	at org.openqa.selenium.firefox.FirefoxDriver.<init>(FirefoxDriver.java:95)
	at example.NewTest.beforeTest(NewTest.java:22)
	at sun.reflect.NativeMethodAccessorImpl.invoke0(Native Method)
	at sun.reflect.NativeMethodAccessorImpl.invoke(Unknown Source)
	at sun.reflect.DelegatingMethodAccessorImpl.invoke(Unknown Source)
	at java.lang.reflect.Method.invoke(Unknown Source)
	at org.testng.internal.MethodInvocationHelper.invokeMethod(MethodInvocationHelper.java:80)
	at org.testng.internal.Invoker.invokeConfigurationMethod(Invoker.java:564)
	at org.testng.internal.Invoker.invokeConfigurations(Invoker.java:213)
	at org.testng.internal.Invoker.invokeConfigurations(Invoker.java:138)
	at org.testng.TestRunner.beforeRun(TestRunner.java:641)
	at org.testng.TestRunner.run(TestRunner.java:609)
	at org.testng.SuiteRunner.runTest(SuiteRunner.java:334)
	at org.testng.SuiteRunner.runSequentially(SuiteRunner.java:329)
	at org.testng.SuiteRunner.privateRun(SuiteRunner.java:291)
	at org.testng.SuiteRunner.run(SuiteRunner.java:240)
	at org.testng.SuiteRunnerWorker.runSuite(SuiteRunnerWorker.java:52)
	at org.testng.SuiteRunnerWorker.run(SuiteRunnerWorker.java:86)
	at org.testng.TestNG.runSuitesSequentially(TestNG.java:1198)
	at org.testng.TestNG.runSuitesLocally(TestNG.java:1123)
	at org.testng.TestNG.run(TestNG.java:1031)
	at org.apache.maven.surefire.testng.TestNGExecutor.run(TestNGExecutor.java:283)
	at org.apache.maven.surefire.testng.TestNGXmlTestSuite.execute(TestNGXmlTestSuite.java:75)
	at org.apache.maven.surefire.testng.TestNGProvider.invoke(TestNGProvider.java:120)
	at org.apache.maven.surefire.booter.ForkedBooter.invokeProviderInSameClassLoader(ForkedBooter.java:383)
	at org.apache.maven.surefire.booter.ForkedBooter.runSuitesInProcess(ForkedBooter.java:344)
	at org.apache.maven.surefire.booter.ForkedBooter.execute(ForkedBooter.java:125)
	at org.apache.maven.surefire.booter.ForkedBooter.main(ForkedBooter.java:417)
Mar 19, 2019 5:21:23 PM org.openqa.selenium.os.UnixProcess$SeleniumWatchDog destroyHarder
INFO: Command failed to close cleanly. Destroying forcefully (v2). org.openqa.selenium.os.UnixProcess$SeleniumWatchDog@11f9e9
]]></system-err>
  </testcase>
  <testcase name="testEasy" classname="example.NewTest" time="0">
    <skipped/>
  </testcase>
  <testcase name="afterTest" classname="example.NewTest" time="0">
    <skipped/>
  </testcase>
</testsuite>